  GameManager.cpp
  Matrix4.cpp
c:\users\alex7\onedrive\documents\github\gameengine\gameenginevs\gameengine\gameengine\matrix4.cpp(85): warning C4244: '*=': conversion from 'double' to 'float', possible loss of data
c:\users\alex7\onedrive\documents\github\gameengine\gameenginevs\gameengine\gameengine\matrix4.cpp(86): warning C4244: '*=': conversion from 'double' to 'float', possible loss of data
c:\users\alex7\onedrive\documents\github\gameengine\gameenginevs\gameengine\gameengine\matrix4.cpp(87): warning C4244: '*=': conversion from 'double' to 'float', possible loss of data
c:\users\alex7\onedrive\documents\github\gameengine\gameenginevs\gameengine\gameengine\matrix4.cpp(88): warning C4244: '*=': conversion from 'double' to 'float', possible loss of data
c:\users\alex7\onedrive\documents\github\gameengine\gameenginevs\gameengine\gameengine\matrix4.cpp(93): warning C4244: '*=': conversion from 'double' to 'float', possible loss of data
c:\users\alex7\onedrive\documents\github\gameengine\gameenginevs\gameengine\gameengine\matrix4.cpp(94): warning C4244: '*=': conversion from 'double' to 'float', possible loss of data
c:\users\alex7\onedrive\documents\github\gameengine\gameenginevs\gameengine\gameengine\matrix4.cpp(95): warning C4244: '*=': conversion from 'double' to 'float', possible loss of data
c:\users\alex7\onedrive\documents\github\gameengine\gameenginevs\gameengine\gameengine\matrix4.cpp(96): warning C4244: '*=': conversion from 'double' to 'float', possible loss of data
c:\users\alex7\onedrive\documents\github\gameengine\gameenginevs\gameengine\gameengine\matrix4.cpp(101): warning C4244: '*=': conversion from 'double' to 'float', possible loss of data
c:\users\alex7\onedrive\documents\github\gameengine\gameenginevs\gameengine\gameengine\matrix4.cpp(102): warning C4244: '*=': conversion from 'double' to 'float', possible loss of data
c:\users\alex7\onedrive\documents\github\gameengine\gameenginevs\gameengine\gameengine\matrix4.cpp(103): warning C4244: '*=': conversion from 'double' to 'float', possible loss of data
c:\users\alex7\onedrive\documents\github\gameengine\gameenginevs\gameengine\gameengine\matrix4.cpp(104): warning C4244: '*=': conversion from 'double' to 'float', possible loss of data
  MemAllocater.cpp
  Point3D.cpp
c:\users\alex7\onedrive\documents\github\gameengine\gameenginevs\gameengine\gameengine\point3d.cpp(33): warning C4244: 'initializing': conversion from 'int' to 'float', possible loss of data
c:\users\alex7\onedrive\documents\github\gameengine\gameenginevs\gameengine\gameengine\point3d.cpp(38): warning C4244: '=': conversion from 'float' to 'int', possible loss of data
  Quaternion.cpp
c:\users\alex7\onedrive\documents\github\gameengine\gameenginevs\gameengine\gameengine\quaternion.cpp(89): warning C4244: 'argument': conversion from 'double' to 'float', possible loss of data
c:\users\alex7\onedrive\documents\github\gameengine\gameenginevs\gameengine\gameengine\quaternion.cpp(90): warning C4244: 'argument': conversion from 'double' to 'float', possible loss of data
c:\users\alex7\onedrive\documents\github\gameengine\gameenginevs\gameengine\gameengine\quaternion.cpp(118): warning C4244: 'argument': conversion from 'double' to 'int', possible loss of data
c:\users\alex7\onedrive\documents\github\gameengine\gameenginevs\gameengine\gameengine\quaternion.cpp(118): warning C4244: 'argument': conversion from 'double' to 'float', possible loss of data
  RenderManager.cpp
  Vector3D.cpp
c:\users\alex7\onedrive\documents\github\gameengine\gameenginevs\gameengine\gameengine\vector3d.cpp(14): warning C4244: 'return': conversion from 'double' to 'float', possible loss of data
c:\users\alex7\onedrive\documents\github\gameengine\gameenginevs\gameengine\gameengine\vector3d.cpp(77): warning C4244: 'initializing': conversion from 'int' to 'float', possible loss of data
c:\users\alex7\onedrive\documents\github\gameengine\gameenginevs\gameengine\gameengine\vector3d.cpp(82): warning C4244: '=': conversion from 'float' to 'int', possible loss of data
  Generating Code...
c:\users\alex7\onedrive\documents\github\gameengine\gameenginevs\gameengine\gameengine\memallocater.cpp(34): warning C4715: 'MemAllocator::vecAlloc': not all control paths return a value
c:\users\alex7\onedrive\documents\github\gameengine\gameenginevs\gameengine\gameengine\memallocater.cpp(48): warning C4715: 'MemAllocator::quatAlloc': not all control paths return a value
c:\users\alex7\onedrive\documents\github\gameengine\gameenginevs\gameengine\gameengine\memallocater.cpp(55): warning C4715: 'MemAllocator::matAlloc': not all control paths return a value
c:\users\alex7\onedrive\documents\github\gameengine\gameenginevs\gameengine\gameengine\memallocater.cpp(41): warning C4715: 'MemAllocator::posAlloc': not all control paths return a value
LINK : warning LNK4098: defaultlib 'MSVCRT' conflicts with use of other libs; use /NODEFAULTLIB:library
  GameEngine.vcxproj -> C:\Users\alex7\OneDrive\Documents\GitHub\GameEngine\GameEngineVS\GameEngine\x64\Debug\GameEngine.exe
